<?xml version="1.0" encoding="UTF-8"?>
<testng-results skipped="0" failed="0" ignored="0" total="4" passed="4">
  <reporter-output>
  </reporter-output>
  <suite name="Default suite" duration-ms="11764" started-at="2020-06-12T03:43:52 IST" finished-at="2020-06-12T03:44:03 IST">
    <groups>
    </groups>
    <test name="Default test" duration-ms="11764" started-at="2020-06-12T03:43:52 IST" finished-at="2020-06-12T03:44:03 IST">
      <class name="bestBuy.GetProductAndStoreDetails">
        <test-method status="PASS" signature="GetStoreDetailsNearPostalCode()[pri:0, instance:bestBuy.GetProductAndStoreDetails@369f73a2]" name="GetStoreDetailsNearPostalCode" duration-ms="5133" started-at="2020-06-12T03:43:52 IST" finished-at="2020-06-12T03:43:57 IST">
          <reporter-output>
          </reporter-output>
        </test-method> <!-- GetStoreDetailsNearPostalCode -->
        <test-method status="PASS" signature="canonProducts()[pri:0, instance:bestBuy.GetProductAndStoreDetails@369f73a2]" name="canonProducts" duration-ms="2292" started-at="2020-06-12T03:43:57 IST" finished-at="2020-06-12T03:43:59 IST">
          <reporter-output>
          </reporter-output>
        </test-method> <!-- canonProducts -->
        <test-method status="PASS" signature="iPhone11Pro()[pri:0, instance:bestBuy.GetProductAndStoreDetails@369f73a2]" name="iPhone11Pro" duration-ms="2319" started-at="2020-06-12T03:43:59 IST" finished-at="2020-06-12T03:44:02 IST">
          <reporter-output>
          </reporter-output>
        </test-method> <!-- iPhone11Pro -->
        <test-method status="PASS" signature="storeFinderWithPickup()[pri:0, instance:bestBuy.GetProductAndStoreDetails@369f73a2]" name="storeFinderWithPickup" duration-ms="1952" started-at="2020-06-12T03:44:02 IST" finished-at="2020-06-12T03:44:03 IST">
          <reporter-output>
          </reporter-output>
        </test-method> <!-- storeFinderWithPickup -->
      </class> <!-- bestBuy.GetProductAndStoreDetails -->
    </test> <!-- Default test -->
  </suite> <!-- Default suite -->
</testng-results>
